<?xml version="1.0" encoding="UTF-8"?>
<testsuite name="testcases.FavoritesTests" tests="4" skipped="1" failures="0" errors="0" timestamp="2024-06-27T16:27:35" hostname="admins-Air" time="97.095">
  <properties/>
  <testcase name="likeSongs" classname="testcases.FavoritesTests" time="33.396"/>
  <testcase name="downloadSong" classname="testcases.FavoritesTests" time="3.05"/>
  <testcase name="unlikeAllSongs" classname="testcases.FavoritesTests" time="12.424">
    <skipped/>
  </testcase>
  <testcase name="unlikeAllSongs" classname="testcases.FavoritesTests" time="2.585"/>
  <system-out><![CDATA[[INFO ] 2024-06-27 09:27:35.096 [TestNG-tests-2] Log - playFirstSong passed!
[INFO ] 2024-06-27 09:27:35.615 [TestNG-tests-1] Log - likeSongs started!
[INFO ] 2024-06-27 09:28:28.358 [TestNG-tests-1] Log - downloadSong started!
[INFO ] 2024-06-27 09:28:31.408 [TestNG-tests-1] Log - downloadSong passed!
[INFO ] 2024-06-27 09:28:53.919 [TestNG-tests-1] Log - unlikeAllSongs started!
[FATAL] 2024-06-27 09:29:06.343 [TestNG-tests-1] Log - Error while calling method: click - null
[WARN ] 2024-06-27 09:29:06.439 [TestNG-tests-1] Log - unlikeAllSongs skipped
[INFO ] 2024-06-27 09:29:10.125 [TestNG-tests-1] Log - unlikeAllSongs started!
[FATAL] 2024-06-27 09:29:12.261 [TestNG-tests-1] Log - Error while calling method: click - null
Error removing songs from favorites playlist:  org.openqa.selenium.StaleElementReferenceException: stale element reference: stale element not found in the current frame
  (Session info: chrome=126.0.6478.127)
For documentation on this error, please visit: https://selenium.dev/exceptions/#stale_element_reference
Build info: version: '4.5.0', revision: 'fe167b119a'
System info: os.name: 'Mac OS X', os.arch: 'aarch64', os.version: '14.5', java.version: '17.0.9'
Driver info: org.openqa.selenium.chrome.ChromeDriver
Command: [dbec9ccb920dd3fd50c774426f6b2266, clickElement {id=f.324479BFEDC10542BC188C6BB8AA181D.d.89A0827C6246944E6AE14437BAD43230.e.69}]
Capabilities {acceptInsecureCerts: false, browserName: chrome, browserVersion: 126.0.6478.127, chrome: {chromedriverVersion: 125.0.6422.141 (4b1e8393712..., userDataDir: /var/folders/zq/q7s0y3_s5yz...}, fedcm:accounts: true, goog:chromeOptions: {debuggerAddress: localhost:55087}, networkConnectionEnabled: false, pageLoadStrategy: normal, platformName: MAC, proxy: Proxy(), se:cdp: ws://localhost:55087/devtoo..., se:cdpVersion: 126.0.6478.127, setWindowRect: true, strictFileInteractability: false, timeouts: {implicit: 0, pageLoad: 300000, script: 30000}, unhandledPromptBehavior: dismiss and notify, webauthn:extension:credBlob: true, webauthn:extension:largeBlob: true, webauthn:extension:minPinLength: true, webauthn:extension:prf: true, webauthn:virtualAuthenticators: true}
Element: [[ChromeDriver: chrome on MAC (dbec9ccb920dd3fd50c774426f6b2266)] -> xpath: //section[@id='favoritesWrapper']//td[@class='favorite']//button[@class='text-secondary' and contains(@title, 'Unlike')]]
Session ID: dbec9ccb920dd3fd50c774426f6b2266
[FATAL] 2024-06-27 09:29:12.474 [TestNG-tests-1] Log - Error while calling method: click - null
Error removing songs from favorites playlist:  org.openqa.selenium.StaleElementReferenceException: stale element reference: stale element not found in the current frame
  (Session info: chrome=126.0.6478.127)
For documentation on this error, please visit: https://selenium.dev/exceptions/#stale_element_reference
Build info: version: '4.5.0', revision: 'fe167b119a'
System info: os.name: 'Mac OS X', os.arch: 'aarch64', os.version: '14.5', java.version: '17.0.9'
Driver info: org.openqa.selenium.chrome.ChromeDriver
Command: [dbec9ccb920dd3fd50c774426f6b2266, clickElement {id=f.324479BFEDC10542BC188C6BB8AA181D.d.89A0827C6246944E6AE14437BAD43230.e.61}]
Capabilities {acceptInsecureCerts: false, browserName: chrome, browserVersion: 126.0.6478.127, chrome: {chromedriverVersion: 125.0.6422.141 (4b1e8393712..., userDataDir: /var/folders/zq/q7s0y3_s5yz...}, fedcm:accounts: true, goog:chromeOptions: {debuggerAddress: localhost:55087}, networkConnectionEnabled: false, pageLoadStrategy: normal, platformName: MAC, proxy: Proxy(), se:cdp: ws://localhost:55087/devtoo..., se:cdpVersion: 126.0.6478.127, setWindowRect: true, strictFileInteractability: false, timeouts: {implicit: 0, pageLoad: 300000, script: 30000}, unhandledPromptBehavior: dismiss and notify, webauthn:extension:credBlob: true, webauthn:extension:largeBlob: true, webauthn:extension:minPinLength: true, webauthn:extension:prf: true, webauthn:virtualAuthenticators: true}
Element: [[ChromeDriver: chrome on MAC (dbec9ccb920dd3fd50c774426f6b2266)] -> xpath: //section[@id='favoritesWrapper']//td[@class='favorite']//button[@class='text-secondary' and contains(@title, 'Unlike')]]
Session ID: dbec9ccb920dd3fd50c774426f6b2266
[FATAL] 2024-06-27 09:29:12.563 [TestNG-tests-1] Log - Error while calling method: click - null
Error removing songs from favorites playlist:  org.openqa.selenium.StaleElementReferenceException: stale element reference: stale element not found in the current frame
  (Session info: chrome=126.0.6478.127)
For documentation on this error, please visit: https://selenium.dev/exceptions/#stale_element_reference
Build info: version: '4.5.0', revision: 'fe167b119a'
System info: os.name: 'Mac OS X', os.arch: 'aarch64', os.version: '14.5', java.version: '17.0.9'
Driver info: org.openqa.selenium.chrome.ChromeDriver
Command: [dbec9ccb920dd3fd50c774426f6b2266, clickElement {id=f.324479BFEDC10542BC188C6BB8AA181D.d.89A0827C6246944E6AE14437BAD43230.e.57}]
Capabilities {acceptInsecureCerts: false, browserName: chrome, browserVersion: 126.0.6478.127, chrome: {chromedriverVersion: 125.0.6422.141 (4b1e8393712..., userDataDir: /var/folders/zq/q7s0y3_s5yz...}, fedcm:accounts: true, goog:chromeOptions: {debuggerAddress: localhost:55087}, networkConnectionEnabled: false, pageLoadStrategy: normal, platformName: MAC, proxy: Proxy(), se:cdp: ws://localhost:55087/devtoo..., se:cdpVersion: 126.0.6478.127, setWindowRect: true, strictFileInteractability: false, timeouts: {implicit: 0, pageLoad: 300000, script: 30000}, unhandledPromptBehavior: dismiss and notify, webauthn:extension:credBlob: true, webauthn:extension:largeBlob: true, webauthn:extension:minPinLength: true, webauthn:extension:prf: true, webauthn:virtualAuthenticators: true}
Element: [[ChromeDriver: chrome on MAC (dbec9ccb920dd3fd50c774426f6b2266)] -> xpath: //section[@id='favoritesWrapper']//td[@class='favorite']//button[@class='text-secondary' and contains(@title, 'Unlike')]]
Session ID: dbec9ccb920dd3fd50c774426f6b2266
[FATAL] 2024-06-27 09:29:12.612 [TestNG-tests-1] Log - Error while calling method: click - null
Error removing songs from favorites playlist:  org.openqa.selenium.StaleElementReferenceException: stale element reference: stale element not found in the current frame
  (Session info: chrome=126.0.6478.127)
For documentation on this error, please visit: https://selenium.dev/exceptions/#stale_element_reference
Build info: version: '4.5.0', revision: 'fe167b119a'
System info: os.name: 'Mac OS X', os.arch: 'aarch64', os.version: '14.5', java.version: '17.0.9'
Driver info: org.openqa.selenium.chrome.ChromeDriver
Command: [dbec9ccb920dd3fd50c774426f6b2266, clickElement {id=f.324479BFEDC10542BC188C6BB8AA181D.d.89A0827C6246944E6AE14437BAD43230.e.55}]
Capabilities {acceptInsecureCerts: false, browserName: chrome, browserVersion: 126.0.6478.127, chrome: {chromedriverVersion: 125.0.6422.141 (4b1e8393712..., userDataDir: /var/folders/zq/q7s0y3_s5yz...}, fedcm:accounts: true, goog:chromeOptions: {debuggerAddress: localhost:55087}, networkConnectionEnabled: false, pageLoadStrategy: normal, platformName: MAC, proxy: Proxy(), se:cdp: ws://localhost:55087/devtoo..., se:cdpVersion: 126.0.6478.127, setWindowRect: true, strictFileInteractability: false, timeouts: {implicit: 0, pageLoad: 300000, script: 30000}, unhandledPromptBehavior: dismiss and notify, webauthn:extension:credBlob: true, webauthn:extension:largeBlob: true, webauthn:extension:minPinLength: true, webauthn:extension:prf: true, webauthn:virtualAuthenticators: true}
Element: [[ChromeDriver: chrome on MAC (dbec9ccb920dd3fd50c774426f6b2266)] -> xpath: //section[@id='favoritesWrapper']//td[@class='favorite']//button[@class='text-secondary' and contains(@title, 'Unlike')]]
Session ID: dbec9ccb920dd3fd50c774426f6b2266
[FATAL] 2024-06-27 09:29:12.643 [TestNG-tests-1] Log - Error while calling method: click - null
Error removing songs from favorites playlist:  org.openqa.selenium.StaleElementReferenceException: stale element reference: stale element not found in the current frame
  (Session info: chrome=126.0.6478.127)
For documentation on this error, please visit: https://selenium.dev/exceptions/#stale_element_reference
Build info: version: '4.5.0', revision: 'fe167b119a'
System info: os.name: 'Mac OS X', os.arch: 'aarch64', os.version: '14.5', java.version: '17.0.9'
Driver info: org.openqa.selenium.chrome.ChromeDriver
Command: [dbec9ccb920dd3fd50c774426f6b2266, clickElement {id=f.324479BFEDC10542BC188C6BB8AA181D.d.89A0827C6246944E6AE14437BAD43230.e.54}]
Capabilities {acceptInsecureCerts: false, browserName: chrome, browserVersion: 126.0.6478.127, chrome: {chromedriverVersion: 125.0.6422.141 (4b1e8393712..., userDataDir: /var/folders/zq/q7s0y3_s5yz...}, fedcm:accounts: true, goog:chromeOptions: {debuggerAddress: localhost:55087}, networkConnectionEnabled: false, pageLoadStrategy: normal, platformName: MAC, proxy: Proxy(), se:cdp: ws://localhost:55087/devtoo..., se:cdpVersion: 126.0.6478.127, setWindowRect: true, strictFileInteractability: false, timeouts: {implicit: 0, pageLoad: 300000, script: 30000}, unhandledPromptBehavior: dismiss and notify, webauthn:extension:credBlob: true, webauthn:extension:largeBlob: true, webauthn:extension:minPinLength: true, webauthn:extension:prf: true, webauthn:virtualAuthenticators: true}
Element: [[ChromeDriver: chrome on MAC (dbec9ccb920dd3fd50c774426f6b2266)] -> xpath: //section[@id='favoritesWrapper']//td[@class='favorite']//button[@class='text-secondary' and contains(@title, 'Unlike')]]
Session ID: dbec9ccb920dd3fd50c774426f6b2266
[INFO ] 2024-06-27 09:29:12.710 [TestNG-tests-1] Log - unlikeAllSongs passed!
]]></system-out>
  <system-err><![CDATA[Starting ChromeDriver 125.0.6422.141 (4b1e83937122185343ba92e909b021f307c719ca-refs/branch-heads/6422@{#1186}) on port 57427
Only local connections are allowed.
Please see https://chromedriver.chromium.org/security-considerations for suggestions on keeping ChromeDriver safe.
[1719505653.351][WARNING]: FromSockAddr failed on netmask
[1719505653.351][WARNING]: FromSockAddr failed on netmask
ChromeDriver was started successfully.
[1719505653.958][WARNING]: This version of ChromeDriver has not been tested with Chrome version 126.
Jun 27, 2024 9:27:33 AM org.openqa.selenium.remote.ProtocolHandshake createSession
INFO: Detected upstream dialect: W3C
Jun 27, 2024 9:27:33 AM org.openqa.selenium.devtools.CdpVersionFinder findNearestMatch
WARNING: Unable to find an exact match for CDP version 126, so returning the closest version found: a no-op implementation
Jun 27, 2024 9:27:33 AM org.openqa.selenium.devtools.CdpVersionFinder findNearestMatch
INFO: Unable to find CDP implementation matching 126.
Jun 27, 2024 9:27:33 AM org.openqa.selenium.chromium.ChromiumDriver lambda$new$3
WARNING: Unable to find version of CDP to use for . You may need to include a dependency on a specific version of the CDP using something similar to `org.seleniumhq.selenium:selenium-devtools-v86:4.5.0` where the version ("v86") matches the version of the chromium-based browser you're using and the version number of the artifact is the same as Selenium's.
[1719505655.846][WARNING]: This version of ChromeDriver has not been tested with Chrome version 126.
Jun 27, 2024 9:27:35 AM org.openqa.selenium.remote.ProtocolHandshake createSession
INFO: Detected upstream dialect: W3C
Jun 27, 2024 9:27:35 AM org.openqa.selenium.devtools.CdpVersionFinder findNearestMatch
WARNING: Unable to find an exact match for CDP version 126, so returning the closest version found: a no-op implementation
Jun 27, 2024 9:27:35 AM org.openqa.selenium.devtools.CdpVersionFinder findNearestMatch
INFO: Unable to find CDP implementation matching 126.
Jun 27, 2024 9:27:35 AM org.openqa.selenium.chromium.ChromiumDriver lambda$new$3
WARNING: Unable to find version of CDP to use for . You may need to include a dependency on a specific version of the CDP using something similar to `org.seleniumhq.selenium:selenium-devtools-v86:4.5.0` where the version ("v86") matches the version of the chromium-based browser you're using and the version number of the artifact is the same as Selenium's.
Starting ChromeDriver 125.0.6422.141 (4b1e83937122185343ba92e909b021f307c719ca-refs/branch-heads/6422@{#1186}) on port 59060
Only local connections are allowed.
Please see https://chromedriver.chromium.org/security-considerations for suggestions on keeping ChromeDriver safe.
[1719505689.133][WARNING]: FromSockAddr failed on netmask
[1719505689.133][WARNING]: FromSockAddr failed on netmask
ChromeDriver was started successfully.
[1719505689.701][WARNING]: This version of ChromeDriver has not been tested with Chrome version 126.
Jun 27, 2024 9:28:09 AM org.openqa.selenium.remote.ProtocolHandshake createSession
INFO: Detected upstream dialect: W3C
Jun 27, 2024 9:28:09 AM org.openqa.selenium.devtools.CdpVersionFinder findNearestMatch
WARNING: Unable to find an exact match for CDP version 126, so returning the closest version found: a no-op implementation
Jun 27, 2024 9:28:09 AM org.openqa.selenium.devtools.CdpVersionFinder findNearestMatch
INFO: Unable to find CDP implementation matching 126.
Jun 27, 2024 9:28:09 AM org.openqa.selenium.chromium.ChromiumDriver lambda$new$3
WARNING: Unable to find version of CDP to use for . You may need to include a dependency on a specific version of the CDP using something similar to `org.seleniumhq.selenium:selenium-devtools-v86:4.5.0` where the version ("v86") matches the version of the chromium-based browser you're using and the version number of the artifact is the same as Selenium's.
Starting ChromeDriver 125.0.6422.141 (4b1e83937122185343ba92e909b021f307c719ca-refs/branch-heads/6422@{#1186}) on port 55306
Only local connections are allowed.
Please see https://chromedriver.chromium.org/security-considerations for suggestions on keeping ChromeDriver safe.
[1719505711.531][WARNING]: FromSockAddr failed on netmask
[1719505711.531][WARNING]: FromSockAddr failed on netmask
ChromeDriver was started successfully.
[1719505712.112][WARNING]: This version of ChromeDriver has not been tested with Chrome version 126.
Jun 27, 2024 9:28:32 AM org.openqa.selenium.remote.ProtocolHandshake createSession
INFO: Detected upstream dialect: W3C
Jun 27, 2024 9:28:32 AM org.openqa.selenium.devtools.CdpVersionFinder findNearestMatch
WARNING: Unable to find an exact match for CDP version 126, so returning the closest version found: a no-op implementation
Jun 27, 2024 9:28:32 AM org.openqa.selenium.devtools.CdpVersionFinder findNearestMatch
INFO: Unable to find CDP implementation matching 126.
Jun 27, 2024 9:28:32 AM org.openqa.selenium.chromium.ChromiumDriver lambda$new$3
WARNING: Unable to find version of CDP to use for . You may need to include a dependency on a specific version of the CDP using something similar to `org.seleniumhq.selenium:selenium-devtools-v86:4.5.0` where the version ("v86") matches the version of the chromium-based browser you're using and the version number of the artifact is the same as Selenium's.
Starting ChromeDriver 125.0.6422.141 (4b1e83937122185343ba92e909b021f307c719ca-refs/branch-heads/6422@{#1186}) on port 54973
Only local connections are allowed.
Please see https://chromedriver.chromium.org/security-considerations for suggestions on keeping ChromeDriver safe.
[1719505746.559][WARNING]: FromSockAddr failed on netmask
[1719505746.559][WARNING]: FromSockAddr failed on netmask
ChromeDriver was started successfully.
[1719505747.154][WARNING]: This version of ChromeDriver has not been tested with Chrome version 126.
Jun 27, 2024 9:29:07 AM org.openqa.selenium.remote.ProtocolHandshake createSession
INFO: Detected upstream dialect: W3C
Jun 27, 2024 9:29:07 AM org.openqa.selenium.devtools.CdpVersionFinder findNearestMatch
WARNING: Unable to find an exact match for CDP version 126, so returning the closest version found: a no-op implementation
Jun 27, 2024 9:29:07 AM org.openqa.selenium.devtools.CdpVersionFinder findNearestMatch
INFO: Unable to find CDP implementation matching 126.
Jun 27, 2024 9:29:07 AM org.openqa.selenium.chromium.ChromiumDriver lambda$new$3
WARNING: Unable to find version of CDP to use for . You may need to include a dependency on a specific version of the CDP using something similar to `org.seleniumhq.selenium:selenium-devtools-v86:4.5.0` where the version ("v86") matches the version of the chromium-based browser you're using and the version number of the artifact is the same as Selenium's.
]]></system-err>
</testsuite>
